[ 2017-03-31T21:44:14+08:00 ] ::1 /UserMangerent/ThinkPHP_3.2_140202/
INFO: [ app_begin ] --START--
INFO: Run Behavior\ReadHtmlCache [ RunTime:0.008368s ]
INFO: [ app_begin ] --END-- [ RunTime:0.009108s ]
INFO: [ view_parse ] --START--
INFO: [ template_filter ] --START--
INFO: Run Behavior\ContentReplace [ RunTime:0.000201s ]
INFO: [ template_filter ] --END-- [ RunTime:0.000625s ]
INFO: Run Behavior\ParseTemplate [ RunTime:0.022745s ]
INFO: [ view_parse ] --END-- [ RunTime:0.024058s ]
INFO: [ view_filter ] --START--
INFO: Run Behavior\WriteHtmlCache [ RunTime:0.001537s ]
INFO: [ view_filter ] --END-- [ RunTime:0.001897s ]
INFO: [ app_end ] --START--
INFO: Run Behavior\ShowPageTrace [ RunTime:0.002000s ]
INFO: [ app_end ] --END-- [ RunTime:0.002359s ]

[ 2017-03-31T21:45:13+08:00 ] ::1 /UserMangerent/
INFO: [ app_begin ] --START--
INFO: Run Behavior\ReadHtmlCache [ RunTime:0.002361s ]
INFO: [ app_begin ] --END-- [ RunTime:0.004100s ]
INFO: [ view_parse ] --START--
NOTIC: [2] ucfirst() expects parameter 1 to be string, array given E:\wamp\wamp\www\UserMangerent\ThinkPHP\Library\Think\Storage.class.php 第 36 行.
INFO: Run Behavior\ParseTemplate [ RunTime:0.002396s ]
INFO: [ view_parse ] --END-- [ RunTime:0.003314s ]
INFO: [ view_filter ] --START--
INFO: Run Behavior\WriteHtmlCache [ RunTime:0.001532s ]
INFO: [ view_filter ] --END-- [ RunTime:0.002118s ]
INFO: [ app_end ] --START--
INFO: Run Behavior\ShowPageTrace [ RunTime:0.002540s ]
INFO: [ app_end ] --END-- [ RunTime:0.003113s ]

[ 2017-03-31T21:47:30+08:00 ] ::1 /UserMangerent/
INFO: [ app_begin ] --START--
INFO: Run Behavior\ReadHtmlCache [ RunTime:0.001559s ]
INFO: [ app_begin ] --END-- [ RunTime:0.002953s ]
INFO: [ app_end ] --START--
INFO: Run Behavior\ShowPageTrace [ RunTime:0.001822s ]
INFO: [ app_end ] --END-- [ RunTime:0.002457s ]

[ 2017-03-31T21:47:30+08:00 ] ::1 /UserMangerent/
INFO: [ app_begin ] --START--
INFO: Run Behavior\ReadHtmlCache [ RunTime:0.001675s ]
INFO: [ app_begin ] --END-- [ RunTime:0.003999s ]
INFO: [ app_end ] --START--
INFO: Run Behavior\ShowPageTrace [ RunTime:0.001845s ]
INFO: [ app_end ] --END-- [ RunTime:0.002542s ]

[ 2017-03-31T21:47:31+08:00 ] ::1 /UserMangerent/
INFO: [ app_begin ] --START--
INFO: Run Behavior\ReadHtmlCache [ RunTime:0.001324s ]
INFO: [ app_begin ] --END-- [ RunTime:0.002682s ]
INFO: [ app_end ] --START--
INFO: Run Behavior\ShowPageTrace [ RunTime:0.001628s ]
INFO: [ app_end ] --END-- [ RunTime:0.002239s ]

[ 2017-03-31T21:48:16+08:00 ] ::1 /UserMangerent/
INFO: [ app_begin ] --START--
INFO: Run Behavior\ReadHtmlCache [ RunTime:0.001717s ]
INFO: [ app_begin ] --END-- [ RunTime:0.003115s ]
INFO: [ app_end ] --START--
INFO: Run Behavior\ShowPageTrace [ RunTime:0.002566s ]
INFO: [ app_end ] --END-- [ RunTime:0.003145s ]

[ 2017-03-31T21:48:36+08:00 ] ::1 /UserMangerent/
INFO: [ app_begin ] --START--
INFO: Run Behavior\ReadHtmlCache [ RunTime:0.001313s ]
INFO: [ app_begin ] --END-- [ RunTime:0.002720s ]
ERR: 模板不存在:./Application/Home/View/Index/index.html

[ 2017-03-31T21:49:40+08:00 ] ::1 /UserMangerent/
INFO: [ app_begin ] --START--
INFO: Run Behavior\ReadHtmlCache [ RunTime:0.002120s ]
INFO: [ app_begin ] --END-- [ RunTime:0.004502s ]
INFO: [ view_parse ] --START--
INFO: [ template_filter ] --START--
INFO: Run Behavior\ContentReplace [ RunTime:0.000137s ]
INFO: [ template_filter ] --END-- [ RunTime:0.000555s ]
INFO: Run Behavior\ParseTemplate [ RunTime:0.017127s ]
INFO: [ view_parse ] --END-- [ RunTime:0.017532s ]
INFO: [ view_filter ] --START--
INFO: Run Behavior\WriteHtmlCache [ RunTime:0.001484s ]
INFO: [ view_filter ] --END-- [ RunTime:0.001844s ]
INFO: [ app_end ] --START--
INFO: Run Behavior\ShowPageTrace [ RunTime:0.003846s ]
INFO: [ app_end ] --END-- [ RunTime:0.004568s ]

[ 2017-03-31T21:49:59+08:00 ] ::1 /UserMangerent/
INFO: [ app_begin ] --START--
INFO: Run Behavior\ReadHtmlCache [ RunTime:0.003135s ]
INFO: [ app_begin ] --END-- [ RunTime:0.005458s ]
INFO: [ view_parse ] --START--
INFO: [ template_filter ] --START--
INFO: Run Behavior\ContentReplace [ RunTime:0.000153s ]
INFO: [ template_filter ] --END-- [ RunTime:0.000566s ]
INFO: Run Behavior\ParseTemplate [ RunTime:0.020919s ]
INFO: [ view_parse ] --END-- [ RunTime:0.021513s ]
INFO: [ view_filter ] --START--
INFO: Run Behavior\WriteHtmlCache [ RunTime:0.002837s ]
INFO: [ view_filter ] --END-- [ RunTime:0.003248s ]
INFO: [ app_end ] --START--
INFO: Run Behavior\ShowPageTrace [ RunTime:0.002282s ]
INFO: [ app_end ] --END-- [ RunTime:0.002677s ]

[ 2017-03-31T21:51:56+08:00 ] ::1 /UserMangerent/
INFO: [ app_begin ] --START--
INFO: Run Behavior\ReadHtmlCache [ RunTime:0.002021s ]
INFO: [ app_begin ] --END-- [ RunTime:0.003496s ]
INFO: [ view_parse ] --START--
INFO: [ template_filter ] --START--
INFO: Run Behavior\ContentReplace [ RunTime:0.000158s ]
INFO: [ template_filter ] --END-- [ RunTime:0.000575s ]
INFO: Run Behavior\ParseTemplate [ RunTime:0.020675s ]
INFO: [ view_parse ] --END-- [ RunTime:0.021092s ]
INFO: [ view_filter ] --START--
INFO: Run Behavior\WriteHtmlCache [ RunTime:0.001413s ]
INFO: [ view_filter ] --END-- [ RunTime:0.001773s ]
INFO: [ app_end ] --START--
INFO: Run Behavior\ShowPageTrace [ RunTime:0.001863s ]
INFO: [ app_end ] --END-- [ RunTime:0.002230s ]

[ 2017-03-31T21:51:57+08:00 ] ::1 /UserMangerent/
INFO: [ app_begin ] --START--
INFO: Run Behavior\ReadHtmlCache [ RunTime:0.001984s ]
INFO: [ app_begin ] --END-- [ RunTime:0.003763s ]
INFO: [ view_parse ] --START--
INFO: [ template_filter ] --START--
INFO: Run Behavior\ContentReplace [ RunTime:0.000151s ]
INFO: [ template_filter ] --END-- [ RunTime:0.000570s ]
INFO: Run Behavior\ParseTemplate [ RunTime:0.020458s ]
INFO: [ view_parse ] --END-- [ RunTime:0.020910s ]
INFO: [ view_filter ] --START--
INFO: Run Behavior\WriteHtmlCache [ RunTime:0.002049s ]
INFO: [ view_filter ] --END-- [ RunTime:0.002620s ]
INFO: [ app_end ] --START--
INFO: Run Behavior\ShowPageTrace [ RunTime:0.002851s ]
INFO: [ app_end ] --END-- [ RunTime:0.003435s ]

[ 2017-03-31T23:50:45+08:00 ] ::1 /UserMangerent/
INFO: [ app_begin ] --START--
INFO: Run Behavior\ReadHtmlCache [ RunTime:0.002586s ]
INFO: [ app_begin ] --END-- [ RunTime:0.004401s ]
INFO: [ view_parse ] --START--
INFO: [ template_filter ] --START--
INFO: Run Behavior\ContentReplace [ RunTime:0.000178s ]
INFO: [ template_filter ] --END-- [ RunTime:0.000572s ]
INFO: Run Behavior\ParseTemplate [ RunTime:0.020901s ]
INFO: [ view_parse ] --END-- [ RunTime:0.021532s ]
INFO: [ view_filter ] --START--
INFO: Run Behavior\WriteHtmlCache [ RunTime:0.002823s ]
INFO: [ view_filter ] --END-- [ RunTime:0.003402s ]
INFO: [ app_end ] --START--
INFO: Run Behavior\ShowPageTrace [ RunTime:0.002120s ]
INFO: [ app_end ] --END-- [ RunTime:0.002497s ]

[ 2017-03-31T23:50:46+08:00 ] ::1 /UserMangerent/
INFO: [ app_begin ] --START--
INFO: Run Behavior\ReadHtmlCache [ RunTime:0.001890s ]
INFO: [ app_begin ] --END-- [ RunTime:0.003289s ]
INFO: [ view_parse ] --START--
INFO: [ template_filter ] --START--
INFO: Run Behavior\ContentReplace [ RunTime:0.000169s ]
INFO: [ template_filter ] --END-- [ RunTime:0.000563s ]
INFO: Run Behavior\ParseTemplate [ RunTime:0.017721s ]
INFO: [ view_parse ] --END-- [ RunTime:0.018198s ]
INFO: [ view_filter ] --START--
INFO: Run Behavior\WriteHtmlCache [ RunTime:0.002423s ]
INFO: [ view_filter ] --END-- [ RunTime:0.002850s ]
INFO: [ app_end ] --START--
INFO: Run Behavior\ShowPageTrace [ RunTime:0.003008s ]
INFO: [ app_end ] --END-- [ RunTime:0.006051s ]

[ 2017-03-31T23:50:46+08:00 ] ::1 /UserMangerent/
INFO: [ app_begin ] --START--
INFO: Run Behavior\ReadHtmlCache [ RunTime:0.001923s ]
INFO: [ app_begin ] --END-- [ RunTime:0.003342s ]
INFO: [ view_parse ] --START--
INFO: [ template_filter ] --START--
INFO: Run Behavior\ContentReplace [ RunTime:0.000179s ]
INFO: [ template_filter ] --END-- [ RunTime:0.000569s ]
INFO: Run Behavior\ParseTemplate [ RunTime:0.021140s ]
INFO: [ view_parse ] --END-- [ RunTime:0.021818s ]
INFO: [ view_filter ] --START--
INFO: Run Behavior\WriteHtmlCache [ RunTime:0.002435s ]
INFO: [ view_filter ] --END-- [ RunTime:0.003068s ]
INFO: [ app_end ] --START--
INFO: Run Behavior\ShowPageTrace [ RunTime:0.002690s ]
INFO: [ app_end ] --END-- [ RunTime:0.003282s ]

